<?xml version="1.0" encoding="UTF-8"?>
<!-- Generated by org.testng.reporters.JUnitReportReporter -->
<testsuite hostname="LAPTOP-NT7ELRKO" name="csvfile.newtask" tests="1" failures="0" timestamp="10 Aug 2021 07:54:49 GMT" time="10.886" errors="0">
  <testcase name="m1" time="10.886" classname="csvfile.newtask"/>
</testsuite> <!-- csvfile.newtask -->
